#
# There is insufficient memory for the Java Runtime Environment to continue.
# Native memory allocation (mmap) failed to map 134217728 bytes for G1 virtual space
# Possible reasons:
#   The system is out of physical RAM or swap space
#   The process is running with CompressedOops enabled, and the Java Heap may be blocking the growth of the native heap
# Possible solutions:
#   Reduce memory load on the system
#   Increase physical memory or swap space
#   Check if swap backing store is full
#   Decrease Java heap size (-Xmx/-Xms)
#   Decrease number of Java threads
#   Decrease Java thread stack sizes (-Xss)
#   Set larger code cache with -XX:ReservedCodeCacheSize=
#   JVM is running with Unscaled Compressed Oops mode in which the Java heap is
#     placed in the first 4GB address space. The Java Heap base address is the
#     maximum limit for the native heap growth. Please use -XX:HeapBaseMinAddress
#     to set the Java Heap base and to place the Java Heap above 4GB virtual address.
# This output file may be truncated or incomplete.
#
#  Out of Memory Error (os_windows.cpp:3550), pid=17968, tid=18036
#
# JRE version:  (17.0.8+9) (build )
# Java VM: Java HotSpot(TM) 64-Bit Server VM (17.0.8+9-LTS-211, mixed mode, sharing, tiered, compressed oops, compressed class ptrs, g1 gc, windows-amd64)
# No core dump will be written. Minidumps are not enabled by default on client versions of Windows
#

---------------  S U M M A R Y ------------

Command Line: -Dfile.encoding=UTF-8 --module-path=C:\Users\Lenovo\Documents\NetBeansProjects\Travel Management System\build\classes travel.management.system.ViewPackage

Host: Intel(R) Core(TM) i5-8350U CPU @ 1.70GHz, 8 cores, 7G,  Windows 10 , 64 bit Build 19041 (10.0.19041.3570)
Time: Sat Dec  2 22:12:47 2023 Romance Standard Time elapsed time: 0.010637 seconds (0d 0h 0m 0s)

---------------  T H R E A D  ---------------

Current thread (0x00000241597dcc90):  JavaThread "Unknown thread" [_thread_in_vm, id=18036, stack(0x000000e37f600000,0x000000e37f700000)]

Stack: [0x000000e37f600000,0x000000e37f700000]
Native frames: (J=compiled Java code, j=interpreted, Vv=VM code, C=native code)
V  [jvm.dll+0x677d0a]
V  [jvm.dll+0x7d8c54]
V  [jvm.dll+0x7da3fe]
V  [jvm.dll+0x7daa63]
V  [jvm.dll+0x245c5f]
V  [jvm.dll+0x674bb9]
V  [jvm.dll+0x6694f2]
V  [jvm.dll+0x3031d6]
V  [jvm.dll+0x30a756]
V  [jvm.dll+0x359f9e]
V  [jvm.dll+0x35a1cf]
V  [jvm.dll+0x2da3e8]
V  [jvm.dll+0x2db354]
V  [jvm.dll+0x7aa711]
V  [jvm.dll+0x367b51]
V  [jvm.dll+0x789979]
V  [jvm.dll+0x3eb05f]
V  [jvm.dll+0x3ecae1]
C  [jli.dll+0x5297]
C  [ucrtbase.dll+0x21bb2]
C  [KERNEL32.DLL+0x17344]
C  [ntdll.dll+0x526b1]


---------------  P R O C E S S  ---------------

Threads class SMR info:
_java_thread_list=0x00007ff9a4c559d8, length=0, elements={
}

Java Threads: ( => current thread )

Other Threads:
  0x0000024159836630 GCTaskThread "GC Thread#0" [stack: 0x000000e37f700000,0x000000e37f800000] [id=18040]
  0x00000241598480d0 ConcurrentGCThread "G1 Main Marker" [stack: 0x000000e37f800000,0x000000e37f900000] [id=18044]
  0x00000241598489f0 ConcurrentGCThread "G1 Conc#0" [stack: 0x000000e37f900000,0x000000e37fa00000] [id=18048]

[error occurred during error reporting (printing all threads), id 0xc0000005, EXCEPTION_ACCESS_VIOLATION (0xc0000005) at pc=0x00007ff9a448b047]

VM state: not at safepoint (not fully initialized)

VM Mutex/Monitor currently owned by a thread:  ([mutex/lock_event])
[0x00000241597d7320] Heap_lock - owner thread: 0x00000241597dcc90

Heap address: 0x0000000081e00000, size: 2018 MB, Compressed Oops mode: 32-bit

CDS archive(s) mapped at: [0x0000000000000000-0x0000000000000000-0x0000000000000000), size 0, SharedBaseAddress: 0x0000000800000000, ArchiveRelocationMode: 1.
Narrow klass base: 0x0000000000000000, Narrow klass shift: 0, Narrow klass range: 0x0

GC Precious Log:
<Empty>

Heap:
 garbage-first heap   total 0K, used 0K [0x0000000081e00000, 0x0000000100000000)
  region size 1024K, 0 young (0K), 0 survivors (0K)

[error occurred during error reporting (printing heap information), id 0xc0000005, EXCEPTION_ACCESS_VIOLATION (0xc0000005) at pc=0x00007ff9a4871499]

GC Heap History (0 events):
No events

Deoptimization events (0 events):
No events

Classes unloaded (0 events):
No events

Classes redefined (0 events):
No events

Internal exceptions (0 events):
No events

VM Operations (0 events):
No events

Events (1 events):
Event: 0.006 Loaded shared library C:\Program Files\Java\jdk-17\bin\java.dll


Dynamic libraries:
0x00007ff609c90000 - 0x00007ff609ca0000 	C:\Program Files\Java\jdk-17\bin\java.exe
0x00007ff9f0cf0000 - 0x00007ff9f0ee7000 	C:\Windows\SYSTEM32\ntdll.dll
0x00007ff9efdb0000 - 0x00007ff9efe6d000 	C:\Windows\System32\KERNEL32.DLL
0x00007ff9ee5c0000 - 0x00007ff9ee8b6000 	C:\Windows\System32\KERNELBASE.dll
0x00007ff9eea30000 - 0x00007ff9eeb30000 	C:\Windows\System32\ucrtbase.dll
0x00007ff9dcb00000 - 0x00007ff9dcb1b000 	C:\Program Files\Java\jdk-17\bin\VCRUNTIME140.dll
0x00007ff9e75a0000 - 0x00007ff9e75b9000 	C:\Program Files\Java\jdk-17\bin\jli.dll
0x00007ff9efe70000 - 0x00007ff9eff1e000 	C:\Windows\System32\ADVAPI32.dll
0x00007ff9ef7f0000 - 0x00007ff9ef88e000 	C:\Windows\System32\msvcrt.dll
0x00007ff9f0980000 - 0x00007ff9f0a1c000 	C:\Windows\System32\sechost.dll
0x00007ff9ef5f0000 - 0x00007ff9ef716000 	C:\Windows\System32\RPCRT4.dll
0x00007ff9eff20000 - 0x00007ff9f00be000 	C:\Windows\System32\USER32.dll
0x00007ff9ee3d0000 - 0x00007ff9ee3f2000 	C:\Windows\System32\win32u.dll
0x00007ff9db700000 - 0x00007ff9db99a000 	C:\Windows\WinSxS\amd64_microsoft.windows.common-controls_6595b64144ccf1df_6.0.19041.3570_none_60bb2a3971f3e41a\COMCTL32.dll
0x00007ff9f0950000 - 0x00007ff9f097c000 	C:\Windows\System32\GDI32.dll
0x00007ff9ee4a0000 - 0x00007ff9ee5ba000 	C:\Windows\System32\gdi32full.dll
0x00007ff9ee400000 - 0x00007ff9ee49d000 	C:\Windows\System32\msvcp_win.dll
0x00007ff9e2750000 - 0x00007ff9e275a000 	C:\Windows\SYSTEM32\VERSION.dll
0x00007ff9eed50000 - 0x00007ff9eed80000 	C:\Windows\System32\IMM32.DLL
0x00007ff9e2370000 - 0x00007ff9e237c000 	C:\Program Files\Java\jdk-17\bin\vcruntime140_1.dll
0x00007ff9c9a40000 - 0x00007ff9c9ace000 	C:\Program Files\Java\jdk-17\bin\msvcp140.dll
0x00007ff9a41a0000 - 0x00007ff9a4d7e000 	C:\Program Files\Java\jdk-17\bin\server\jvm.dll
0x00007ff9eed80000 - 0x00007ff9eed88000 	C:\Windows\System32\PSAPI.DLL
0x00007ff9d3e00000 - 0x00007ff9d3e09000 	C:\Windows\SYSTEM32\WSOCK32.dll
0x00007ff9d74d0000 - 0x00007ff9d74f7000 	C:\Windows\SYSTEM32\WINMM.dll
0x00007ff9ef780000 - 0x00007ff9ef7eb000 	C:\Windows\System32\WS2_32.dll
0x00007ff9ecc00000 - 0x00007ff9ecc12000 	C:\Windows\SYSTEM32\kernel.appcore.dll
0x00007ff9dcab0000 - 0x00007ff9dcaba000 	C:\Program Files\Java\jdk-17\bin\jimage.dll
0x00007ff9ec180000 - 0x00007ff9ec364000 	C:\Windows\SYSTEM32\DBGHELP.DLL
0x00007ff9d7490000 - 0x00007ff9d74c4000 	C:\Windows\SYSTEM32\dbgcore.DLL
0x00007ff9ee9a0000 - 0x00007ff9eea22000 	C:\Windows\System32\bcryptPrimitives.dll
0x00007ff9dc100000 - 0x00007ff9dc125000 	C:\Program Files\Java\jdk-17\bin\java.dll

dbghelp: loaded successfully - version: 4.0.5 - missing functions: none
symbol engine: initialized successfully - sym options: 0x614 - pdb path: .;C:\Program Files\Java\jdk-17\bin;C:\Windows\SYSTEM32;C:\Windows\WinSxS\amd64_microsoft.windows.common-controls_6595b64144ccf1df_6.0.19041.3570_none_60bb2a3971f3e41a;C:\Program Files\Java\jdk-17\bin\server

VM Arguments:
jvm_args: -Dfile.encoding=UTF-8 --module-path=C:\Users\Lenovo\Documents\NetBeansProjects\Travel Management System\build\classes 
java_command: travel.management.system.ViewPackage
java_class_path (initial): C:\Users\Lenovo\Downloads\mysql-connector-j-8.0.31.jar;C:\Users\Lenovo\Downloads\rs2xml.jar;C:\Users\Lenovo\Documents\NetBeansProjects\Travel Management System\build\classes
Launcher Type: SUN_STANDARD

[Global flags]
     intx CICompilerCount                          = 4                                         {product} {ergonomic}
     uint ConcGCThreads                            = 2                                         {product} {ergonomic}
     uint G1ConcRefinementThreads                  = 8                                         {product} {ergonomic}
   size_t G1HeapRegionSize                         = 1048576                                   {product} {ergonomic}
    uintx GCDrainStackTargetSize                   = 64                                        {product} {ergonomic}
   size_t InitialHeapSize                          = 134217728                                 {product} {ergonomic}
   size_t MarkStackSize                            = 4194304                                   {product} {ergonomic}
   size_t MaxHeapSize                              = 2116026368                                {product} {ergonomic}
   size_t MinHeapDeltaBytes                        = 1048576                                   {product} {ergonomic}
   size_t MinHeapSize                              = 8388608                                   {product} {ergonomic}
    uintx NonNMethodCodeHeapSize                   = 5839372                                {pd product} {ergonomic}
    uintx NonProfiledCodeHeapSize                  = 122909434                              {pd product} {ergonomic}
    uintx ProfiledCodeHeapSize                     = 122909434                              {pd product} {ergonomic}
    uintx ReservedCodeCacheSize                    = 251658240                              {pd product} {ergonomic}
     bool SegmentedCodeCache                       = true                                      {product} {ergonomic}
   size_t SoftMaxHeapSize                          = 2116026368                             {manageable} {ergonomic}
     bool UseCompressedClassPointers               = true                           {product lp64_product} {ergonomic}
     bool UseCompressedOops                        = true                           {product lp64_product} {ergonomic}
     bool UseG1GC                                  = true                                      {product} {ergonomic}
     bool UseLargePagesIndividualAllocation        = false                                  {pd product} {ergonomic}

Logging:
Log output configuration:
 #0: stdout all=warning uptime,level,tags
 #1: stderr all=off uptime,level,tags

Environment Variables:
JAVA_HOME=C:\Program Files\Java\jdk-17
PATH=C:\Program Files\Common Files\Oracle\Java\javapath;C:\Program Files (x86)\Common Files\Oracle\Java\javapath;C:\Windows\system32;C:\Windows;C:\Windows\System32\Wbem;C:\Windows\System32\WindowsPowerShell\v1.0\;C:\Windows\System32\OpenSSH\;C:\Program Files\Intel\WiFi\bin\;C:\Program Files\Common Files\Intel\WirelessCommon\;C:\Program Files (x86)\Microsoft SQL Server\160\DTS\Binn\;C:\Program Files\Azure Data Studio\bin;C:\Program Files (x86)\Java\jre1.8.0_361\bin;C:\Program Files\MongoDB\mongosh-2.0.1-win32-x64\bin;C:\Program Files\MySQL\MySQL Shell 8.0\bin\;C:\Users\Lenovo\AppData\Local\Microsoft\WindowsApps;;C:\Program Files\Azure Data Studio\bin;C:\Users\Lenovo\AppData\Local\Programs\Microsoft VS Code\bin
USERNAME=Lenovo
OS=Windows_NT
PROCESSOR_IDENTIFIER=Intel64 Family 6 Model 142 Stepping 10, GenuineIntel



---------------  S Y S T E M  ---------------

OS:
 Windows 10 , 64 bit Build 19041 (10.0.19041.3570)
OS uptime: 9 days 7:28 hours

CPU: total 8 (initial active 8) (4 cores per cpu, 2 threads per core) family 6 model 142 stepping 10 microcode 0xf0, cx8, cmov, fxsr, ht, mmx, 3dnowpref, sse, sse2, sse3, ssse3, sse4.1, sse4.2, popcnt, lzcnt, tsc, tscinvbit, avx, avx2, aes, erms, clmul, bmi1, bmi2, rtm, adx, fma, vzeroupper, clflush, clflushopt

Memory: 4k page, system-wide physical 8070M (796M free)
TotalPageFile size 21017M (AvailPageFile size 112M)
current process WorkingSet (physical memory assigned to process): 10M, peak: 10M
current process commit charge ("private bytes"): 60M, peak: 188M

vm_info: Java HotSpot(TM) 64-Bit Server VM (17.0.8+9-LTS-211) for windows-amd64 JRE (17.0.8+9-LTS-211), built on Jun 14 2023 10:34:31 by "mach5one" with MS VC++ 17.1 (VS2022)

END.
