#
# There is insufficient memory for the Java Runtime Environment to continue.
# Native memory allocation (mmap) failed to map 134217728 bytes for G1 virtual space
# Possible reasons:
#   The system is out of physical RAM or swap space
#   The process is running with CompressedOops enabled, and the Java Heap may be blocking the growth of the native heap
# Possible solutions:
#   Reduce memory load on the system
#   Increase physical memory or swap space
#   Check if swap backing store is full
#   Decrease Java heap size (-Xmx/-Xms)
#   Decrease number of Java threads
#   Decrease Java thread stack sizes (-Xss)
#   Set larger code cache with -XX:ReservedCodeCacheSize=
#   JVM is running with Unscaled Compressed Oops mode in which the Java heap is
#     placed in the first 4GB address space. The Java Heap base address is the
#     maximum limit for the native heap growth. Please use -XX:HeapBaseMinAddress
#     to set the Java Heap base and to place the Java Heap above 4GB virtual address.
# This output file may be truncated or incomplete.
#
#  Out of Memory Error (os_windows.cpp:3550), pid=9284, tid=12576
#
# JRE version:  (17.0.8+9) (build )
# Java VM: Java HotSpot(TM) 64-Bit Server VM (17.0.8+9-LTS-211, mixed mode, sharing, tiered, compressed oops, compressed class ptrs, g1 gc, windows-amd64)
# No core dump will be written. Minidumps are not enabled by default on client versions of Windows
#

---------------  S U M M A R Y ------------

Command Line: -Dfile.encoding=UTF-8 --module-path=C:\Users\Lenovo\Documents\NetBeansProjects\Travel Management System\build\classes travel.management.system.CheckHotels

Host: Intel(R) Core(TM) i5-8350U CPU @ 1.70GHz, 8 cores, 7G,  Windows 10 , 64 bit Build 19041 (10.0.19041.3393)
Time: Wed Nov 22 12:14:50 2023 Romance Standard Time elapsed time: 0.016772 seconds (0d 0h 0m 0s)

---------------  T H R E A D  ---------------

Current thread (0x0000029d61f3a7e0):  JavaThread "Unknown thread" [_thread_in_vm, id=12576, stack(0x000000e146000000,0x000000e146100000)]

Stack: [0x000000e146000000,0x000000e146100000]
Native frames: (J=compiled Java code, j=interpreted, Vv=VM code, C=native code)
V  [jvm.dll+0x677d0a]
V  [jvm.dll+0x7d8c54]
V  [jvm.dll+0x7da3fe]
V  [jvm.dll+0x7daa63]
V  [jvm.dll+0x245c5f]
V  [jvm.dll+0x674bb9]
V  [jvm.dll+0x6694f2]
V  [jvm.dll+0x3031d6]
V  [jvm.dll+0x30a756]
V  [jvm.dll+0x359f9e]
V  [jvm.dll+0x35a1cf]
V  [jvm.dll+0x2da3e8]
V  [jvm.dll+0x2db354]
V  [jvm.dll+0x7aa711]
V  [jvm.dll+0x367b51]
V  [jvm.dll+0x789979]
V  [jvm.dll+0x3eb05f]
V  [jvm.dll+0x3ecae1]
C  [jli.dll+0x5297]
C  [ucrtbase.dll+0x21bb2]
C  [KERNEL32.DLL+0x17344]
C  [ntdll.dll+0x526b1]


---------------  P R O C E S S  ---------------

Threads class SMR info:
_java_thread_list=0x00007ffd5ec259d8, length=0, elements={
}

Java Threads: ( => current thread )

Other Threads:
  0x0000029d61f942f0 GCTaskThread "GC Thread#0" [stack: 0x000000e146100000,0x000000e146200000] [id=13552]
  0x0000029d61fa71a0 ConcurrentGCThread "G1 Main Marker" [stack: 0x000000e146200000,0x000000e146300000] [id=1412]
  0x0000029d61fa8260 ConcurrentGCThread "G1 Conc#0" [stack: 0x000000e146300000,0x000000e146400000] [id=13952]

[error occurred during error reporting (printing all threads), id 0xc0000005, EXCEPTION_ACCESS_VIOLATION (0xc0000005) at pc=0x00007ffd5e45b047]

VM state: not at safepoint (not fully initialized)

VM Mutex/Monitor currently owned by a thread:  ([mutex/lock_event])
[0x0000029d61f35fd0] Heap_lock - owner thread: 0x0000029d61f3a7e0

Heap address: 0x0000000081e00000, size: 2018 MB, Compressed Oops mode: 32-bit

CDS archive(s) mapped at: [0x0000000000000000-0x0000000000000000-0x0000000000000000), size 0, SharedBaseAddress: 0x0000000800000000, ArchiveRelocationMode: 1.
Narrow klass base: 0x0000000000000000, Narrow klass shift: 0, Narrow klass range: 0x0

GC Precious Log:
<Empty>

Heap:
 garbage-first heap   total 0K, used 0K [0x0000000081e00000, 0x0000000100000000)
  region size 1024K, 0 young (0K), 0 survivors (0K)

[error occurred during error reporting (printing heap information), id 0xc0000005, EXCEPTION_ACCESS_VIOLATION (0xc0000005) at pc=0x00007ffd5e841499]

GC Heap History (0 events):
No events

Deoptimization events (0 events):
No events

Classes unloaded (0 events):
No events

Classes redefined (0 events):
No events

Internal exceptions (0 events):
No events

VM Operations (0 events):
No events

Events (1 events):
Event: 0.009 Loaded shared library C:\Program Files\Java\jdk-17\bin\java.dll


Dynamic libraries:
0x00007ff660220000 - 0x00007ff660230000 	C:\Program Files\Java\jdk-17\bin\java.exe
0x00007ffd93530000 - 0x00007ffd93728000 	C:\Windows\SYSTEM32\ntdll.dll
0x00007ffd916d0000 - 0x00007ffd9178d000 	C:\Windows\System32\KERNEL32.DLL
0x00007ffd911e0000 - 0x00007ffd914d6000 	C:\Windows\System32\KERNELBASE.dll
0x00007ffd90e90000 - 0x00007ffd90f90000 	C:\Windows\System32\ucrtbase.dll
0x00007ffd8a5f0000 - 0x00007ffd8a60b000 	C:\Program Files\Java\jdk-17\bin\VCRUNTIME140.dll
0x00007ffd805b0000 - 0x00007ffd805c9000 	C:\Program Files\Java\jdk-17\bin\jli.dll
0x00007ffd91620000 - 0x00007ffd916ce000 	C:\Windows\System32\ADVAPI32.dll
0x00007ffd93090000 - 0x00007ffd9312e000 	C:\Windows\System32\msvcrt.dll
0x00007ffd92820000 - 0x00007ffd928bc000 	C:\Windows\System32\sechost.dll
0x00007ffd92f60000 - 0x00007ffd93086000 	C:\Windows\System32\RPCRT4.dll
0x00007ffd932a0000 - 0x00007ffd9343e000 	C:\Windows\System32\USER32.dll
0x00007ffd753a0000 - 0x00007ffd7563a000 	C:\Windows\WinSxS\amd64_microsoft.windows.common-controls_6595b64144ccf1df_6.0.19041.1110_none_60b5254171f9507e\COMCTL32.dll
0x00007ffd90e60000 - 0x00007ffd90e82000 	C:\Windows\System32\win32u.dll
0x00007ffd925f0000 - 0x00007ffd9261c000 	C:\Windows\System32\GDI32.dll
0x00007ffd910c0000 - 0x00007ffd911da000 	C:\Windows\System32\gdi32full.dll
0x00007ffd91020000 - 0x00007ffd910bd000 	C:\Windows\System32\msvcp_win.dll
0x00007ffd86900000 - 0x00007ffd8690a000 	C:\Windows\SYSTEM32\VERSION.dll
0x00007ffd91d00000 - 0x00007ffd91d30000 	C:\Windows\System32\IMM32.DLL
0x00007ffd8a3a0000 - 0x00007ffd8a3ac000 	C:\Program Files\Java\jdk-17\bin\vcruntime140_1.dll
0x00007ffd762a0000 - 0x00007ffd7632e000 	C:\Program Files\Java\jdk-17\bin\msvcp140.dll
0x00007ffd5e170000 - 0x00007ffd5ed4e000 	C:\Program Files\Java\jdk-17\bin\server\jvm.dll
0x00007ffd91d30000 - 0x00007ffd91d38000 	C:\Windows\System32\PSAPI.DLL
0x00007ffd7a410000 - 0x00007ffd7a419000 	C:\Windows\SYSTEM32\WSOCK32.dll
0x00007ffd7f9e0000 - 0x00007ffd7fa07000 	C:\Windows\SYSTEM32\WINMM.dll
0x00007ffd927b0000 - 0x00007ffd9281b000 	C:\Windows\System32\WS2_32.dll
0x00007ffd8f430000 - 0x00007ffd8f442000 	C:\Windows\SYSTEM32\kernel.appcore.dll
0x00007ffd8a390000 - 0x00007ffd8a39a000 	C:\Program Files\Java\jdk-17\bin\jimage.dll
0x00007ffd8e9b0000 - 0x00007ffd8eb94000 	C:\Windows\SYSTEM32\DBGHELP.DLL
0x00007ffd84d50000 - 0x00007ffd84d84000 	C:\Windows\SYSTEM32\dbgcore.DLL
0x00007ffd90f90000 - 0x00007ffd91012000 	C:\Windows\System32\bcryptPrimitives.dll
0x00007ffd89000000 - 0x00007ffd89025000 	C:\Program Files\Java\jdk-17\bin\java.dll

dbghelp: loaded successfully - version: 4.0.5 - missing functions: none
symbol engine: initialized successfully - sym options: 0x614 - pdb path: .;C:\Program Files\Java\jdk-17\bin;C:\Windows\SYSTEM32;C:\Windows\WinSxS\amd64_microsoft.windows.common-controls_6595b64144ccf1df_6.0.19041.1110_none_60b5254171f9507e;C:\Program Files\Java\jdk-17\bin\server

VM Arguments:
jvm_args: -Dfile.encoding=UTF-8 --module-path=C:\Users\Lenovo\Documents\NetBeansProjects\Travel Management System\build\classes 
java_command: travel.management.system.CheckHotels
java_class_path (initial): C:\Users\Lenovo\Downloads\mysql-connector-j-8.0.31.jar;C:\Users\Lenovo\Downloads\rs2xml.jar;C:\Users\Lenovo\Documents\NetBeansProjects\Travel Management System\build\classes
Launcher Type: SUN_STANDARD

[Global flags]
     intx CICompilerCount                          = 4                                         {product} {ergonomic}
     uint ConcGCThreads                            = 2                                         {product} {ergonomic}
     uint G1ConcRefinementThreads                  = 8                                         {product} {ergonomic}
   size_t G1HeapRegionSize                         = 1048576                                   {product} {ergonomic}
    uintx GCDrainStackTargetSize                   = 64                                        {product} {ergonomic}
   size_t InitialHeapSize                          = 134217728                                 {product} {ergonomic}
   size_t MarkStackSize                            = 4194304                                   {product} {ergonomic}
   size_t MaxHeapSize                              = 2116026368                                {product} {ergonomic}
   size_t MinHeapDeltaBytes                        = 1048576                                   {product} {ergonomic}
   size_t MinHeapSize                              = 8388608                                   {product} {ergonomic}
    uintx NonNMethodCodeHeapSize                   = 5839372                                {pd product} {ergonomic}
    uintx NonProfiledCodeHeapSize                  = 122909434                              {pd product} {ergonomic}
    uintx ProfiledCodeHeapSize                     = 122909434                              {pd product} {ergonomic}
    uintx ReservedCodeCacheSize                    = 251658240                              {pd product} {ergonomic}
     bool SegmentedCodeCache                       = true                                      {product} {ergonomic}
   size_t SoftMaxHeapSize                          = 2116026368                             {manageable} {ergonomic}
     bool UseCompressedClassPointers               = true                           {product lp64_product} {ergonomic}
     bool UseCompressedOops                        = true                           {product lp64_product} {ergonomic}
     bool UseG1GC                                  = true                                      {product} {ergonomic}
     bool UseLargePagesIndividualAllocation        = false                                  {pd product} {ergonomic}

Logging:
Log output configuration:
 #0: stdout all=warning uptime,level,tags
 #1: stderr all=off uptime,level,tags

Environment Variables:
JAVA_HOME=C:\Program Files\Java\jdk-17
PATH=C:\Program Files\Common Files\Oracle\Java\javapath;C:\Program Files (x86)\Common Files\Oracle\Java\javapath;C:\Windows\system32;C:\Windows;C:\Windows\System32\Wbem;C:\Windows\System32\WindowsPowerShell\v1.0\;C:\Windows\System32\OpenSSH\;C:\Program Files\Intel\WiFi\bin\;C:\Program Files\Common Files\Intel\WirelessCommon\;C:\Program Files (x86)\Microsoft SQL Server\160\DTS\Binn\;C:\Program Files\Azure Data Studio\bin;C:\Program Files (x86)\Java\jre1.8.0_361\bin;C:\Program Files\MongoDB\mongosh-2.0.1-win32-x64\bin;C:\Program Files\MySQL\MySQL Shell 8.0\bin\;C:\Users\Lenovo\AppData\Local\Microsoft\WindowsApps;;C:\Program Files\Azure Data Studio\bin;C:\Users\Lenovo\AppData\Local\Programs\Microsoft VS Code\bin
USERNAME=Lenovo
OS=Windows_NT
PROCESSOR_IDENTIFIER=Intel64 Family 6 Model 142 Stepping 10, GenuineIntel



---------------  S Y S T E M  ---------------

OS:
 Windows 10 , 64 bit Build 19041 (10.0.19041.3393)
OS uptime: 26 days 21:52 hours

CPU: total 8 (initial active 8) (4 cores per cpu, 2 threads per core) family 6 model 142 stepping 10 microcode 0xf0, cx8, cmov, fxsr, ht, mmx, 3dnowpref, sse, sse2, sse3, ssse3, sse4.1, sse4.2, popcnt, lzcnt, tsc, tscinvbit, avx, avx2, aes, erms, clmul, bmi1, bmi2, rtm, adx, fma, vzeroupper, clflush, clflushopt

Memory: 4k page, system-wide physical 8070M (695M free)
TotalPageFile size 21003M (AvailPageFile size 83M)
current process WorkingSet (physical memory assigned to process): 10M, peak: 10M
current process commit charge ("private bytes"): 60M, peak: 188M

vm_info: Java HotSpot(TM) 64-Bit Server VM (17.0.8+9-LTS-211) for windows-amd64 JRE (17.0.8+9-LTS-211), built on Jun 14 2023 10:34:31 by "mach5one" with MS VC++ 17.1 (VS2022)

END.
